2024-10-25 09:44:20,130 - DEBUG - Logging configured. Level: DEBUG, File: ./app.log
2024-10-25 09:44:20,130 - INFO - Environment variables loaded.
2024-10-25 09:44:20,132 - INFO - All commands registered.
2024-10-25 09:44:20,132 - INFO - Application started. Type 'exit' to exit.
2024-10-25 09:44:47,727 - INFO - Grades saved to CSV at './data/grades_export.csv'.
2024-10-25 09:45:03,470 - INFO - Grades saved to CSV at './data/grades_export.csv'.
2024-10-25 10:03:51,141 - DEBUG - Logging configured. Level: DEBUG, File: ./app.log
2024-10-25 10:03:51,141 - INFO - Environment variables loaded.
2024-10-25 10:03:51,143 - INFO - All commands registered.
2024-10-25 10:03:51,206 - INFO - Calculator value reset to 0.
2024-10-25 10:03:51,212 - INFO - Grades saved to CSV at './data/grades_export.csv'.
2024-10-25 10:03:51,213 - INFO - Hello, this is a calculator with statistical operations!
2024-10-25 10:03:51,213 - INFO - Hello, this is a calculator with statistical operations!
2024-10-25 10:06:10,836 - DEBUG - Logging configured. Level: DEBUG, File: ./app.log
2024-10-25 10:06:10,837 - INFO - Environment variables loaded.
2024-10-25 10:06:10,839 - INFO - All commands registered.
2024-10-25 10:06:10,941 - INFO - Calculator value reset to 0.
2024-10-25 10:06:10,953 - INFO - Grades saved to CSV at './data/grades_export.csv'.
2024-10-25 10:06:10,954 - INFO - Hello, this is a calculator with statistical operations!
2024-10-25 10:06:10,954 - INFO - Hello, this is a calculator with statistical operations!
2024-10-25 10:08:46,612 - DEBUG - Logging configured. Level: DEBUG, File: ./app.log
2024-10-25 10:08:46,613 - INFO - Environment variables loaded.
2024-10-25 10:08:46,614 - INFO - All commands registered.
2024-10-25 10:08:46,678 - INFO - Calculator value reset to 0.
2024-10-25 10:08:46,683 - INFO - Grades saved to CSV at './data/grades_export.csv'.
2024-10-25 10:08:46,684 - INFO - Hello, this is a calculator with statistical operations!
2024-10-25 10:08:46,684 - INFO - Hello, this is a calculator with statistical operations!
2024-10-25 10:10:23,771 - DEBUG - Logging configured. Level: DEBUG, File: ./app.log
2024-10-25 10:10:23,772 - INFO - Environment variables loaded.
2024-10-25 10:10:23,773 - INFO - All commands registered.
2024-10-25 10:10:23,862 - INFO - Calculator value reset to 0.
2024-10-25 10:10:23,867 - INFO - Grades saved to CSV at './data/grades_export.csv'.
2024-10-25 10:10:23,868 - INFO - Hello, this is a calculator with statistical operations!
2024-10-25 10:10:23,868 - INFO - Hello, this is a calculator with statistical operations!
2024-10-25 10:12:56,105 - DEBUG - Logging configured. Level: DEBUG, File: ./app.log
2024-10-25 10:12:56,105 - INFO - Environment variables loaded.
2024-10-25 10:12:56,108 - INFO - All commands registered.
2024-10-25 10:12:56,175 - INFO - Calculator value reset to 0.
2024-10-25 10:12:56,181 - INFO - Grades saved to CSV at './data/grades_export.csv'.
2024-10-25 10:12:56,181 - INFO - Hello, this is a calculator with statistical operations!
2024-10-25 10:12:56,182 - INFO - Hello, this is a calculator with statistical operations!
2024-10-25 10:21:41,751 - DEBUG - Logging configured. Level: DEBUG, File: ./app.log
2024-10-25 10:21:41,752 - INFO - Environment variables loaded.
2024-10-25 10:21:41,755 - INFO - All commands registered.
2024-10-25 10:21:41,827 - INFO - Calculator value reset to 0.
2024-10-25 10:21:41,832 - INFO - Grades saved to CSV at './data/grades_export.csv'.
2024-10-25 10:21:41,833 - INFO - Hello, this is a calculator with statistical operations!
2024-10-25 10:21:41,833 - INFO - Hello, this is a calculator with statistical operations!
2024-10-25 10:28:53,487 - DEBUG - Logging configured. Level: DEBUG, File: ./app.log
2024-10-25 10:28:53,488 - INFO - Environment variables loaded.
2024-10-25 10:28:53,490 - INFO - All commands registered.
2024-10-25 10:28:53,554 - INFO - Calculator value reset to 0.
2024-10-25 10:28:53,559 - INFO - Grades saved to CSV at './data/grades_export.csv'.
2024-10-25 10:28:53,560 - INFO - Hello, this is a calculator with statistical operations!
2024-10-25 10:28:53,560 - INFO - Hello, this is a calculator with statistical operations!
2024-10-25 10:32:02,472 - DEBUG - Logging configured. Level: DEBUG, File: ./app.log
2024-10-25 10:32:02,473 - INFO - Environment variables loaded.
2024-10-25 10:32:02,474 - INFO - All commands registered.
2024-10-25 10:32:02,544 - INFO - Calculator value reset to 0.
2024-10-25 10:32:02,549 - INFO - Grades saved to CSV at './data/grades_export.csv'.
2024-10-25 10:32:02,550 - INFO - Hello, this is a calculator with statistical operations!
2024-10-25 10:32:02,550 - INFO - Hello, this is a calculator with statistical operations!
2024-10-25 10:33:24,627 - DEBUG - Logging configured. Level: DEBUG, File: ./app.log
2024-10-25 10:33:24,627 - INFO - Environment variables loaded.
2024-10-25 10:33:24,629 - INFO - All commands registered.
2024-10-25 10:33:24,632 - INFO - Calculator value reset to 0.
2024-10-25 10:33:24,637 - INFO - Grades saved to CSV at './data/grades_export.csv'.
2024-10-25 10:33:24,638 - INFO - Hello, this is a calculator with statistical operations!
2024-10-25 10:33:24,639 - INFO - Hello, this is a calculator with statistical operations!
2024-10-25 10:33:42,399 - DEBUG - Logging configured. Level: DEBUG, File: ./app.log
2024-10-25 10:33:42,399 - INFO - Environment variables loaded.
2024-10-25 10:33:42,401 - INFO - All commands registered.
2024-10-25 10:33:42,405 - INFO - Calculator value reset to 0.
2024-10-25 10:33:42,410 - INFO - Grades saved to CSV at './data/grades_export.csv'.
2024-10-25 10:33:42,411 - INFO - Hello, this is a calculator with statistical operations!
2024-10-25 10:33:42,411 - INFO - Hello, this is a calculator with statistical operations!
2024-10-25 10:36:29,316 - DEBUG - Logging configured. Level: DEBUG, File: ./app.log
2024-10-25 10:36:29,317 - INFO - Environment variables loaded.
2024-10-25 10:36:29,319 - INFO - All commands registered.
2024-10-25 10:36:29,322 - INFO - Calculator value reset to 0.
2024-10-25 10:36:29,327 - INFO - Grades saved to CSV at './data/grades_export.csv'.
2024-10-25 10:36:29,328 - INFO - Hello, this is a calculator with statistical operations!
2024-10-25 10:36:29,328 - INFO - Hello, this is a calculator with statistical operations!
2024-10-25 10:36:35,938 - DEBUG - Logging configured. Level: DEBUG, File: ./app.log
2024-10-25 10:36:35,939 - INFO - Environment variables loaded.
2024-10-25 10:36:35,940 - INFO - All commands registered.
2024-10-25 10:36:35,944 - INFO - Calculator value reset to 0.
2024-10-25 10:36:35,950 - INFO - Grades saved to CSV at './data/grades_export.csv'.
2024-10-25 10:36:35,952 - INFO - Hello, this is a calculator with statistical operations!
2024-10-25 10:36:35,953 - INFO - Hello, this is a calculator with statistical operations!
2024-10-25 10:43:52,564 - DEBUG - Logging configured. Level: DEBUG, File: ./app.log
2024-10-25 10:43:52,565 - INFO - Environment variables loaded.
2024-10-25 10:43:52,566 - INFO - All commands registered.
2024-10-25 10:43:52,566 - INFO - Application started. Type 'exit' to exit.
2024-10-25 10:44:58,902 - WARNING - Invalid command format or missing value.
2024-10-25 10:45:01,527 - WARNING - Invalid command format or missing value.
2024-10-25 10:45:09,192 - ERROR - Unknown command: grades
2024-10-25 10:47:05,091 - INFO - Grades saved to CSV at './data/grades_export.csv'.
2024-10-25 10:47:11,045 - DEBUG - Logging configured. Level: DEBUG, File: ./app.log
2024-10-25 10:47:11,046 - INFO - Environment variables loaded.
2024-10-25 10:47:11,046 - INFO - All commands registered.
2024-10-25 10:47:11,046 - INFO - Application started. Type 'exit' to exit.
2024-10-25 10:47:25,227 - INFO - Grades List: [33.0, 44.0, 55.0, 66.0, 55.0, 78.0, 98.0, 100.0]
2024-10-25 10:47:25,228 - INFO - Grades by Class: {'class1': (33.0, 44.0, 55.0, 66.0), 'class2': (55.0, 78.0, 98.0, 100.0)}
2024-10-25 10:47:25,233 - INFO - Grades saved to CSV at './data/grades_export.csv'.
2024-10-25 10:53:38,413 - INFO - Grades saved to CSV at './data/grades_export.csv'.
2024-10-25 10:53:40,996 - DEBUG - Logging configured. Level: DEBUG, File: ./app.log
2024-10-25 10:53:40,997 - INFO - Environment variables loaded.
2024-10-25 10:53:40,997 - INFO - All commands registered.
2024-10-25 10:53:40,997 - INFO - Application started. Type 'exit' to exit.
2024-10-25 10:54:11,423 - INFO - Grades List: [90.0, 98.0, 88.0, 92.0, 88.0, 90.0, 88.0, 90.0]
2024-10-25 10:54:11,424 - INFO - Grades by Class: {'class1': (90.0, 98.0, 88.0, 92.0), 'class2': (88.0, 90.0, 88.0, 90.0)}
2024-10-25 10:54:11,431 - INFO - Grades saved to CSV at './data/grades_export.csv'.
2024-10-25 10:54:57,592 - INFO - Calculator value reset to 0.
2024-10-25 10:55:04,809 - INFO - Grades saved to CSV at './data/grades_export.csv'.
2024-10-25 10:58:42,034 - DEBUG - Logging configured. Level: DEBUG, File: ./app.log
2024-10-25 10:58:42,035 - INFO - Environment variables loaded.
2024-10-25 10:58:42,036 - INFO - All commands registered.
2024-10-25 10:58:42,036 - INFO - Application started. Type 'exit' to exit.
2024-10-25 10:59:09,607 - INFO - Grades List: [90.0, 98.0, 99.0, 80.0, 90.0, 998.0, 984.0, 90.0]
2024-10-25 10:59:09,607 - INFO - Grades by Class: {'class1': (90.0, 98.0, 99.0, 80.0), 'class2': (90.0, 998.0, 984.0, 90.0)}
2024-10-25 10:59:09,614 - INFO - Grades saved to CSV at './data/grades_export.csv'.
2024-10-25 10:59:45,501 - INFO - Hello, this is a calculator with statistical operations!
2024-10-25 11:00:06,215 - INFO - Grades saved to CSV at './data/grades_export.csv'.
2024-10-25 11:00:11,615 - INFO - Calculator value reset to 0.
2024-10-25 11:00:12,800 - INFO - Grades saved to CSV at './data/grades_export.csv'.
2024-10-25 11:08:58,796 - DEBUG - Logging configured. Level: DEBUG, File: ./app.log
2024-10-25 11:08:58,797 - INFO - Environment variables loaded.
2024-10-25 11:08:58,799 - INFO - All commands registered.
2024-10-25 11:08:58,799 - INFO - Application started. Type 'exit' to exit.
2024-10-25 11:09:16,971 - WARNING - Invalid command format or missing value.
2024-10-25 11:09:40,298 - INFO - Grades List: [100.0, 100.0, 100.0, 90.0, 20.0, 90.0, 0.0, 100.0]
2024-10-25 11:09:40,298 - INFO - Grades by Class: {'class1': (100.0, 100.0, 100.0, 90.0), 'class2': (20.0, 90.0, 0.0, 100.0)}
2024-10-25 11:09:40,307 - INFO - Grades saved to CSV at './data/grades_export.csv'.
2024-10-25 11:09:49,144 - INFO - Calculator value reset to 0.
2024-10-25 11:09:50,453 - INFO - Grades saved to CSV at './data/grades_export.csv'.
2024-10-25 11:12:48,525 - DEBUG - Logging configured. Level: DEBUG, File: ./app.log
2024-10-25 11:12:48,527 - INFO - Environment variables loaded.
2024-10-25 11:12:48,528 - INFO - All commands registered.
2024-10-25 11:12:48,591 - INFO - Calculator value reset to 0.
2024-10-25 11:12:48,597 - INFO - Grades saved to CSV at './data/grades_export.csv'.
2024-10-25 11:12:48,597 - INFO - Hello, this is a calculator with statistical operations!
2024-10-25 11:12:48,598 - INFO - Hello, this is a calculator with statistical operations!
2024-10-25 11:14:05,034 - DEBUG - Logging configured. Level: DEBUG, File: ./app.log
2024-10-25 11:14:05,037 - INFO - Environment variables loaded.
2024-10-25 11:14:05,040 - INFO - All commands registered.
2024-10-25 11:14:05,047 - INFO - Calculator value reset to 0.
2024-10-25 11:14:05,052 - INFO - Grades saved to CSV at './data/grades_export.csv'.
2024-10-25 11:14:05,053 - INFO - Hello, this is a calculator with statistical operations!
2024-10-25 11:14:05,053 - INFO - Hello, this is a calculator with statistical operations!
2024-10-25 11:14:10,419 - DEBUG - Logging configured. Level: DEBUG, File: ./app.log
2024-10-25 11:14:10,419 - INFO - Environment variables loaded.
2024-10-25 11:14:10,419 - INFO - All commands registered.
2024-10-25 11:14:10,421 - INFO - Calculator value reset to 0.
2024-10-25 11:14:10,426 - INFO - Grades saved to CSV at './data/grades_export.csv'.
2024-10-25 11:14:10,427 - INFO - Hello, this is a calculator with statistical operations!
2024-10-25 11:14:10,427 - INFO - Hello, this is a calculator with statistical operations!
2024-10-25 11:14:17,699 - DEBUG - Logging configured. Level: DEBUG, File: ./app.log
2024-10-25 11:14:17,700 - INFO - Environment variables loaded.
2024-10-25 11:14:17,701 - INFO - All commands registered.
2024-10-25 11:14:17,706 - INFO - Calculator value reset to 0.
2024-10-25 11:14:17,712 - INFO - Grades saved to CSV at './data/grades_export.csv'.
2024-10-25 11:14:17,714 - INFO - Hello, this is a calculator with statistical operations!
2024-10-25 11:14:17,715 - INFO - Hello, this is a calculator with statistical operations!
2024-10-25 21:28:03,362 - DEBUG - Logging configured. Level: DEBUG, File: ./app.log
2024-10-25 21:28:03,363 - INFO - Environment variables loaded.
2024-10-25 21:28:03,363 - INFO - All commands registered.
2024-10-25 21:28:03,366 - INFO - Calculator value reset to 0.
2024-10-25 21:28:03,373 - INFO - Grades saved to CSV at './data/grades_export.csv'.
2024-10-25 21:28:03,374 - INFO - Hello, this is a calculator with statistical operations!
2024-10-25 21:28:03,374 - INFO - Hello, this is a calculator with statistical operations!
2024-10-25 21:29:40,906 - DEBUG - Logging configured. Level: DEBUG, File: ./app.log
2024-10-25 21:29:40,906 - INFO - Environment variables loaded.
2024-10-25 21:29:40,907 - INFO - All commands registered.
2024-10-25 21:29:40,909 - INFO - Calculator value reset to 0.
2024-10-25 21:29:40,915 - INFO - Grades saved to CSV at './data/grades_export.csv'.
2024-10-25 21:29:40,916 - INFO - Hello, this is a calculator with statistical operations!
2024-10-25 21:29:40,917 - INFO - Hello, this is a calculator with statistical operations!
2024-10-25 21:32:39,056 - DEBUG - Logging configured. Level: DEBUG, File: ./app.log
2024-10-25 21:32:39,056 - INFO - Environment variables loaded.
2024-10-25 21:32:39,057 - INFO - All commands registered.
2024-10-25 21:32:39,057 - INFO - Application started. Type 'exit' to exit.
2024-10-25 21:34:53,285 - INFO - Grades saved to CSV at './data/grades_export.csv'.
2024-10-25 21:36:28,714 - INFO - Grades saved to CSV at './data/grades_export.csv'.
2024-10-25 21:37:46,912 - DEBUG - Logging configured. Level: DEBUG, File: ./app.log
2024-10-25 21:37:46,913 - INFO - Environment variables loaded.
2024-10-25 21:37:46,915 - INFO - All commands registered.
2024-10-25 21:37:46,919 - INFO - Calculator value reset to 0.
2024-10-25 21:37:46,926 - INFO - Grades saved to CSV at './data/grades_export.csv'.
2024-10-25 21:37:46,928 - INFO - Hello, this is a calculator with statistical operations!
2024-10-25 21:37:46,928 - INFO - Hello, this is a calculator with statistical operations!
2024-10-25 21:43:49,559 - DEBUG - Logging configured. Level: DEBUG, File: ./app.log
2024-10-25 21:43:49,559 - INFO - Environment variables loaded.
2024-10-25 21:43:49,561 - INFO - All commands registered.
2024-10-25 21:43:49,639 - INFO - Grades saved to CSV at './data/grades_export.csv'.
2024-10-25 21:43:49,643 - INFO - Calculator value reset to 0.
2024-10-25 21:43:49,643 - INFO - Grades saved to CSV at './data/grades_export.csv'.
2024-10-25 21:43:49,675 - WARNING - Invalid command format or missing value.
2024-10-25 21:43:49,676 - INFO - Grades saved to CSV at './data/grades_export.csv'.
2024-10-25 21:43:49,683 - DEBUG - Logging configured. Level: DEBUG, File: ./app.log
2024-10-25 21:43:49,684 - INFO - Environment variables loaded.
2024-10-25 21:43:49,684 - INFO - All commands registered.
2024-10-25 21:43:49,685 - INFO - Grades saved to CSV at './data/grades_export.csv'.
2024-10-25 21:43:49,685 - INFO - Welcome! You can start by entering data for 'class1' or 'class2' using the 'grades' command.
2024-10-25 21:43:49,686 - INFO - Welcome! You can start by entering data for 'class1' or 'class2' using the 'grades' command.
2024-10-25 21:46:34,224 - DEBUG - Logging configured. Level: DEBUG, File: ./app.log
2024-10-25 21:46:34,224 - INFO - Environment variables loaded.
2024-10-25 21:46:34,225 - INFO - All commands registered.
2024-10-25 21:46:34,292 - INFO - Grades saved to CSV at './data/grades_export.csv'.
2024-10-25 21:46:34,294 - INFO - Calculator value reset to 0.
2024-10-25 21:46:34,295 - INFO - Grades saved to CSV at './data/grades_export.csv'.
2024-10-25 21:46:34,323 - WARNING - Invalid command format or missing value.
2024-10-25 21:46:34,323 - INFO - Grades saved to CSV at './data/grades_export.csv'.
2024-10-25 21:46:34,328 - DEBUG - Logging configured. Level: DEBUG, File: ./app.log
2024-10-25 21:46:34,329 - INFO - Environment variables loaded.
2024-10-25 21:46:34,329 - INFO - All commands registered.
2024-10-25 21:46:34,329 - INFO - Grades saved to CSV at './data/grades_export.csv'.
2024-10-25 21:46:34,330 - INFO - Welcome! You can start by entering data for 'class1' or 'class2' using the 'grades' command.
2024-10-25 21:46:34,330 - INFO - Welcome! You can start by entering data for 'class1' or 'class2' using the 'grades' command.
2024-10-25 21:51:20,534 - DEBUG - Logging configured. Level: DEBUG, File: ./app.log
2024-10-25 21:51:20,536 - INFO - Environment variables loaded.
2024-10-25 21:51:20,539 - INFO - All commands registered.
2024-10-25 21:51:20,623 - ERROR - An unexpected error occurred: 'tuple' object has no attribute 'value'
2024-10-25 21:51:20,625 - INFO - Grades saved to CSV at './data/grades_export.csv'.
2024-10-25 21:51:20,630 - INFO - Calculator value reset to 0.
2024-10-25 21:51:20,631 - INFO - Grades saved to CSV at './data/grades_export.csv'.
2024-10-25 21:51:20,702 - WARNING - Invalid command format or missing value.
2024-10-25 21:51:20,702 - INFO - Grades saved to CSV at './data/grades_export.csv'.
2024-10-25 21:51:20,712 - DEBUG - Logging configured. Level: DEBUG, File: ./app.log
2024-10-25 21:51:20,713 - INFO - Environment variables loaded.
2024-10-25 21:51:20,714 - INFO - All commands registered.
2024-10-25 21:51:20,716 - INFO - Grades saved to CSV at './data/grades_export.csv'.
2024-10-25 21:51:20,717 - INFO - Welcome! You can start by entering data for 'class1' or 'class2' using the 'grades' command.
2024-10-25 21:51:20,719 - INFO - Welcome! You can start by entering data for 'class1' or 'class2' using the 'grades' command.
2024-10-25 21:55:14,646 - DEBUG - Logging configured. Level: DEBUG, File: ./app.log
2024-10-25 21:55:14,647 - INFO - Environment variables loaded.
2024-10-25 21:55:14,650 - INFO - All commands registered.
2024-10-25 21:55:14,653 - INFO - Calculator values saved to CSV at './data/grades_export.csv'.
2024-10-25 21:55:14,653 - INFO - Exiting REPL.
2024-10-25 21:55:14,700 - INFO - Calculator value reset to 0.
2024-10-25 21:55:14,701 - INFO - Calculator values saved to CSV at './data/grades_export.csv'.
2024-10-25 21:55:14,701 - INFO - Exiting REPL.
2024-10-25 21:55:14,726 - INFO - Calculator values saved to CSV at '/private/var/folders/p2/lcgk9hsj0830znmk7mjn_hvm0000gn/T/pytest-of-liviali/pytest-127/test_save_calculator_values0/test_calc_values_export.csv'.
2024-10-25 21:55:14,729 - INFO - Calculator values saved to CSV at './data/grades_export.csv'.
2024-10-25 21:55:14,729 - INFO - Exiting REPL.
2024-10-25 21:55:14,730 - DEBUG - Logging configured. Level: DEBUG, File: ./app.log
2024-10-25 21:55:14,731 - INFO - Environment variables loaded.
2024-10-25 21:55:14,731 - INFO - All commands registered.
2024-10-25 21:55:14,731 - INFO - Grades saved to CSV at './data/grades_export.csv'.
2024-10-25 21:55:14,732 - INFO - Welcome! You can start by entering data for 'class1' or 'class2' using the 'grades' command.
2024-10-25 21:55:14,732 - INFO - Welcome! You can start by entering data for 'class1' or 'class2' using the 'grades' command.
2024-10-25 21:55:49,339 - DEBUG - Logging configured. Level: DEBUG, File: ./app.log
2024-10-25 21:55:49,339 - INFO - Environment variables loaded.
2024-10-25 21:55:49,341 - INFO - All commands registered.
2024-10-25 21:55:49,343 - INFO - Calculator values saved to CSV at './data/grades_export.csv'.
2024-10-25 21:55:49,343 - INFO - Exiting REPL.
2024-10-25 21:55:49,389 - INFO - Calculator value reset to 0.
2024-10-25 21:55:49,389 - INFO - Calculator values saved to CSV at './data/grades_export.csv'.
2024-10-25 21:55:49,390 - INFO - Exiting REPL.
2024-10-25 21:55:49,412 - INFO - Calculator values saved to CSV at '/private/var/folders/p2/lcgk9hsj0830znmk7mjn_hvm0000gn/T/pytest-of-liviali/pytest-128/test_save_calculator_values0/test_calc_values_export.csv'.
2024-10-25 21:55:49,416 - INFO - Welcome! You can start by entering data for 'class1' or 'class2' using the 'grades' command.
2024-10-25 21:55:49,417 - INFO - Calculator values saved to CSV at './data/grades_export.csv'.
2024-10-25 21:55:49,417 - INFO - Exiting REPL.
2024-10-25 21:55:49,418 - DEBUG - Logging configured. Level: DEBUG, File: ./app.log
2024-10-25 21:55:49,418 - INFO - Environment variables loaded.
2024-10-25 21:55:49,418 - INFO - All commands registered.
2024-10-25 21:55:49,418 - INFO - Grades saved to CSV at './data/grades_export.csv'.
2024-10-25 21:55:49,422 - INFO - Welcome! You can start by entering data for 'class1' or 'class2' using the 'grades' command.
2024-10-25 21:55:49,422 - INFO - Welcome! You can start by entering data for 'class1' or 'class2' using the 'grades' command.
2024-10-25 21:55:49,425 - INFO - The directory './data' was created.
2024-10-25 21:55:49,426 - INFO - Grades saved to CSV at './data/grades_export.csv'.
2024-10-25 21:55:49,428 - INFO - Grades saved to CSV at './data/grades_export.csv'.
2024-10-25 21:55:49,430 - INFO - Grades saved to CSV at './data/grades_export.csv'.
2024-10-25 21:55:49,430 - WARNING - No grades found to add to the calculator.
2024-10-25 21:55:49,430 - INFO - The directory './data' was created.
2024-10-25 21:55:49,430 - INFO - Grades saved to CSV at './data/grades_export.csv'.
2024-10-25 21:55:49,431 - INFO - Grades saved to CSV at './data/grades_export.csv'.
2024-10-25 21:55:53,949 - DEBUG - Logging configured. Level: DEBUG, File: ./app.log
2024-10-25 21:55:53,949 - INFO - Environment variables loaded.
2024-10-25 21:55:53,951 - INFO - All commands registered.
2024-10-25 21:55:53,954 - INFO - Calculator values saved to CSV at './data/grades_export.csv'.
2024-10-25 21:55:53,954 - INFO - Exiting REPL.
2024-10-25 21:55:53,991 - INFO - Calculator value reset to 0.
2024-10-25 21:55:53,993 - INFO - Calculator values saved to CSV at './data/grades_export.csv'.
2024-10-25 21:55:53,993 - INFO - Exiting REPL.
2024-10-25 21:55:54,036 - INFO - Calculator values saved to CSV at '/private/var/folders/p2/lcgk9hsj0830znmk7mjn_hvm0000gn/T/pytest-of-liviali/pytest-129/test_save_calculator_values0/test_calc_values_export.csv'.
2024-10-25 21:55:54,038 - INFO - Welcome! You can start by entering data for 'class1' or 'class2' using the 'grades' command.
2024-10-25 21:55:54,040 - INFO - Calculator values saved to CSV at './data/grades_export.csv'.
2024-10-25 21:55:54,040 - INFO - Exiting REPL.
2024-10-25 21:55:54,042 - DEBUG - Logging configured. Level: DEBUG, File: ./app.log
2024-10-25 21:55:54,043 - INFO - Environment variables loaded.
2024-10-25 21:55:54,043 - INFO - All commands registered.
2024-10-25 21:55:54,044 - INFO - Grades saved to CSV at './data/grades_export.csv'.
2024-10-25 21:55:54,051 - INFO - Welcome! You can start by entering data for 'class1' or 'class2' using the 'grades' command.
2024-10-25 21:55:54,052 - INFO - Welcome! You can start by entering data for 'class1' or 'class2' using the 'grades' command.
2024-10-25 21:55:54,060 - INFO - The directory './data' was created.
2024-10-25 21:55:54,061 - INFO - Grades saved to CSV at './data/grades_export.csv'.
2024-10-25 21:55:54,064 - INFO - Grades saved to CSV at './data/grades_export.csv'.
2024-10-25 21:55:54,067 - INFO - Grades saved to CSV at './data/grades_export.csv'.
2024-10-25 21:55:54,067 - WARNING - No grades found to add to the calculator.
2024-10-25 21:55:54,068 - INFO - The directory './data' was created.
2024-10-25 21:55:54,068 - INFO - Grades saved to CSV at './data/grades_export.csv'.
2024-10-25 21:55:54,070 - INFO - Grades saved to CSV at './data/grades_export.csv'.
2024-10-25 21:58:22,090 - DEBUG - Logging configured. Level: DEBUG, File: ./app.log
2024-10-25 21:58:22,091 - INFO - Environment variables loaded.
2024-10-25 21:58:22,094 - INFO - All commands registered.
2024-10-25 21:58:22,098 - INFO - Calculator values saved to CSV at './data/grades_export.csv'.
2024-10-25 21:58:22,098 - INFO - Exiting REPL.
2024-10-25 21:58:22,135 - INFO - Calculator value reset to 0.
2024-10-25 21:58:22,136 - INFO - Calculator values saved to CSV at './data/grades_export.csv'.
2024-10-25 21:58:22,136 - INFO - Exiting REPL.
2024-10-25 21:58:22,184 - INFO - Calculator values saved to CSV at '/private/var/folders/p2/lcgk9hsj0830znmk7mjn_hvm0000gn/T/pytest-of-liviali/pytest-130/test_save_calculator_values0/test_calc_values_export.csv'.
2024-10-25 21:58:22,189 - INFO - Welcome! You can start by entering data for 'class1' or 'class2' using the 'grades' command.
2024-10-25 21:58:22,191 - INFO - Calculator values saved to CSV at './data/grades_export.csv'.
2024-10-25 21:58:22,191 - INFO - Exiting REPL.
2024-10-25 21:58:22,193 - INFO - Environment variables loaded.
2024-10-25 21:58:22,209 - DEBUG - Logging configured. Level: DEBUG, File: ./app.log
2024-10-25 21:58:22,209 - INFO - Environment variables loaded.
2024-10-25 21:58:22,210 - INFO - All commands registered.
2024-10-25 21:58:22,211 - INFO - Grades saved to CSV at './data/grades_export.csv'.
2024-10-25 21:58:22,216 - INFO - Welcome! You can start by entering data for 'class1' or 'class2' using the 'grades' command.
2024-10-25 21:58:22,217 - INFO - Welcome! You can start by entering data for 'class1' or 'class2' using the 'grades' command.
2024-10-25 21:58:22,225 - INFO - The directory './data' was created.
2024-10-25 21:58:22,226 - INFO - Grades saved to CSV at './data/grades_export.csv'.
2024-10-25 21:58:22,229 - INFO - Grades saved to CSV at './data/grades_export.csv'.
2024-10-25 21:58:22,231 - INFO - Grades saved to CSV at './data/grades_export.csv'.
2024-10-25 21:58:22,231 - WARNING - No grades found to add to the calculator.
2024-10-25 21:58:22,232 - INFO - The directory './data' was created.
2024-10-25 21:58:22,233 - INFO - Grades saved to CSV at './data/grades_export.csv'.
2024-10-25 21:58:22,234 - INFO - Grades saved to CSV at './data/grades_export.csv'.
2024-10-25 22:04:04,641 - DEBUG - Logging configured. Level: DEBUG, File: ./app.log
2024-10-25 22:04:04,642 - INFO - Environment variables loaded.
2024-10-25 22:04:04,644 - INFO - All commands registered.
2024-10-25 22:04:04,644 - INFO - Application started. Type 'exit' to exit.
2024-10-25 22:04:13,016 - INFO - Calculator values saved to CSV at './data/grades_export.csv'.
2024-10-25 22:04:13,016 - INFO - Exiting REPL.
2024-10-25 22:06:06,775 - DEBUG - Logging configured. Level: DEBUG, File: ./app.log
2024-10-25 22:06:06,776 - INFO - Environment variables loaded.
2024-10-25 22:06:06,778 - INFO - All commands registered.
2024-10-25 22:06:06,778 - INFO - Application started. Type 'exit' to exit.
2024-10-25 22:06:39,851 - INFO - Calculator values saved to CSV at './data/grades_export.csv'.
2024-10-25 22:06:39,852 - INFO - Exiting REPL.
2024-10-25 22:08:56,077 - DEBUG - Logging configured. Level: DEBUG, File: ./app.log
2024-10-25 22:08:56,078 - INFO - Environment variables loaded.
2024-10-25 22:08:56,080 - INFO - All commands registered.
2024-10-25 22:08:56,080 - INFO - Application started. Type 'exit' to exit.
2024-10-25 22:09:06,622 - INFO - Exiting REPL.
2024-10-25 22:09:50,205 - DEBUG - Logging configured. Level: DEBUG, File: ./app.log
2024-10-25 22:09:50,205 - INFO - Environment variables loaded.
2024-10-25 22:09:50,207 - INFO - All commands registered.
2024-10-25 22:09:50,207 - INFO - Application started. Type 'exit' to exit.
2024-10-25 22:11:12,399 - INFO - Exiting REPL.
2024-10-25 22:11:15,489 - DEBUG - Logging configured. Level: DEBUG, File: ./app.log
2024-10-25 22:11:15,490 - INFO - Environment variables loaded.
2024-10-25 22:11:15,490 - INFO - All commands registered.
2024-10-25 22:12:33,009 - DEBUG - Logging configured. Level: DEBUG, File: ./app.log
2024-10-25 22:12:33,009 - INFO - Environment variables loaded.
2024-10-25 22:12:33,011 - INFO - All commands registered.
2024-10-25 22:12:33,011 - INFO - Application started. Type 'exit' to exit.
2024-10-25 22:14:11,926 - DEBUG - Logging configured. Level: DEBUG, File: ./app.log
2024-10-25 22:14:11,927 - INFO - Environment variables loaded.
2024-10-25 22:14:11,929 - INFO - All commands registered.
2024-10-25 22:14:11,929 - INFO - Application started. Type 'exit' to exit.
2024-10-25 22:17:58,133 - INFO - Exiting REPL.
2024-10-25 22:18:02,337 - DEBUG - Logging configured. Level: DEBUG, File: ./app.log
2024-10-25 22:18:02,337 - INFO - Environment variables loaded.
2024-10-25 22:18:02,338 - INFO - All commands registered.
2024-10-25 22:18:02,338 - INFO - Application started. Type 'exit' to exit.
2024-10-25 22:20:14,431 - DEBUG - Logging configured. Level: DEBUG, File: ./app.log
2024-10-25 22:20:14,431 - INFO - Environment variables loaded.
2024-10-25 22:20:14,432 - INFO - All commands registered.
2024-10-25 22:20:14,432 - INFO - Application started. Type 'exit' to exit.
2024-10-25 22:22:59,893 - DEBUG - Logging configured. Level: DEBUG, File: ./app.log
2024-10-25 22:22:59,893 - INFO - Environment variables loaded.
2024-10-25 22:22:59,894 - INFO - All commands registered.
2024-10-25 22:22:59,894 - INFO - Application started. Type 'exit' to exit.
2024-10-25 22:25:15,926 - DEBUG - Logging configured. Level: DEBUG, File: ./app.log
2024-10-25 22:25:15,926 - INFO - Environment variables loaded.
2024-10-25 22:25:15,927 - INFO - All commands registered.
2024-10-25 22:25:15,927 - INFO - Application started. Type 'exit' to exit.
2024-10-25 22:27:34,866 - DEBUG - Logging configured. Level: DEBUG, File: ./app.log
2024-10-25 22:27:34,867 - INFO - Environment variables loaded.
2024-10-25 22:27:34,869 - INFO - All commands registered.
2024-10-25 22:27:34,869 - INFO - Application started. Type 'exit' to exit.
2024-10-25 22:30:45,705 - INFO - Calculator values saved to CSV at './data/grades_export.csv'.
2024-10-25 22:30:45,706 - INFO - Exiting REPL.
2024-10-25 22:30:49,807 - DEBUG - Logging configured. Level: DEBUG, File: ./app.log
2024-10-25 22:30:49,808 - INFO - Environment variables loaded.
2024-10-25 22:30:49,808 - INFO - All commands registered.
2024-10-25 22:30:49,808 - INFO - Application started. Type 'exit' to exit.
2024-10-25 22:31:49,493 - INFO - Calculator values saved to CSV at './data/grades_export.csv'.
2024-10-25 22:31:49,493 - INFO - Exiting REPL.
2024-10-25 22:31:53,143 - DEBUG - Logging configured. Level: DEBUG, File: ./app.log
2024-10-25 22:31:53,143 - INFO - Environment variables loaded.
2024-10-25 22:31:53,144 - INFO - All commands registered.
2024-10-25 22:31:53,144 - INFO - Application started. Type 'exit' to exit.
2024-10-25 22:32:09,092 - INFO - Grades saved to CSV at './data/grades_export.csv'.
2024-10-25 22:32:43,825 - INFO - Calculator values saved to CSV at './data/grades_export.csv'.
2024-10-25 22:32:43,826 - INFO - Exiting REPL.
2024-10-25 22:34:07,351 - DEBUG - Logging configured. Level: DEBUG, File: ./app.log
2024-10-25 22:34:07,352 - INFO - Environment variables loaded.
2024-10-25 22:34:07,353 - INFO - All commands registered.
2024-10-25 22:34:07,354 - INFO - Application started. Type 'exit' to exit.
2024-10-25 22:34:16,202 - INFO - Exiting REPL.
2024-10-25 22:35:50,800 - DEBUG - Logging configured. Level: DEBUG, File: ./app.log
2024-10-25 22:35:50,800 - INFO - Environment variables loaded.
2024-10-25 22:35:50,802 - INFO - All commands registered.
2024-10-25 22:35:50,802 - INFO - Application started. Type 'exit' to exit.
2024-10-25 22:36:25,816 - INFO - Grades saved to CSV at './data/grades_export.csv'.
2024-10-25 22:36:28,177 - INFO - Calculator values saved to CSV at './data/grades_export.csv'.
2024-10-25 22:36:28,177 - INFO - Exiting REPL.
2024-10-25 22:36:35,994 - DEBUG - Logging configured. Level: DEBUG, File: ./app.log
2024-10-25 22:36:35,994 - INFO - Environment variables loaded.
2024-10-25 22:36:35,996 - INFO - All commands registered.
2024-10-25 22:36:36,000 - INFO - Calculator values saved to CSV at './data/grades_export.csv'.
2024-10-25 22:36:36,001 - INFO - Exiting REPL.
2024-10-25 22:36:36,004 - INFO - Calculator value reset to 0.
2024-10-25 22:36:36,004 - INFO - Exiting REPL.
2024-10-25 22:36:36,283 - INFO - Calculator values saved to CSV at '/private/var/folders/p2/lcgk9hsj0830znmk7mjn_hvm0000gn/T/pytest-of-liviali/pytest-131/test_save_calculator_values0/test_calc_values_export.csv'.
2024-10-25 22:36:36,288 - INFO - Welcome! You can start by entering data for 'class1' or 'class2' using the 'grades' command.
2024-10-25 22:36:36,290 - INFO - Calculator values saved to CSV at './data/grades_export.csv'.
2024-10-25 22:36:36,290 - INFO - Exiting REPL.
2024-10-25 22:36:36,301 - INFO - Environment variables loaded.
2024-10-25 22:36:36,311 - DEBUG - Logging configured. Level: DEBUG, File: ./app.log
2024-10-25 22:36:36,312 - INFO - Environment variables loaded.
2024-10-25 22:36:36,314 - INFO - All commands registered.
2024-10-25 22:36:36,316 - INFO - Grades saved to CSV at './data/grades_export.csv'.
2024-10-25 22:36:36,332 - INFO - Welcome! You can start by entering data for 'class1' or 'class2' using the 'grades' command.
2024-10-25 22:36:36,333 - INFO - Welcome! You can start by entering data for 'class1' or 'class2' using the 'grades' command.
2024-10-25 22:36:36,341 - INFO - The directory './data' was created.
2024-10-25 22:36:36,342 - INFO - Grades saved to CSV at './data/grades_export.csv'.
2024-10-25 22:36:36,348 - INFO - Grades saved to CSV at './data/grades_export.csv'.
2024-10-25 22:36:36,351 - INFO - Grades saved to CSV at './data/grades_export.csv'.
2024-10-25 22:36:36,351 - WARNING - No grades found to add to the calculator.
2024-10-25 22:36:36,353 - INFO - The directory './data' was created.
2024-10-25 22:36:36,353 - INFO - Grades saved to CSV at './data/grades_export.csv'.
2024-10-25 22:36:36,355 - INFO - Grades saved to CSV at './data/grades_export.csv'.
2024-10-25 22:37:49,643 - DEBUG - Logging configured. Level: DEBUG, File: ./app.log
2024-10-25 22:37:49,644 - INFO - Environment variables loaded.
2024-10-25 22:37:49,647 - INFO - All commands registered.
2024-10-25 22:37:49,651 - INFO - Calculator values saved to CSV at './data/grades_export.csv'.
2024-10-25 22:37:49,651 - INFO - Exiting REPL.
2024-10-25 22:37:49,653 - INFO - Calculator value reset to 0.
2024-10-25 22:37:49,654 - INFO - Exiting REPL.
2024-10-25 22:37:49,725 - INFO - Calculator values saved to CSV at '/private/var/folders/p2/lcgk9hsj0830znmk7mjn_hvm0000gn/T/pytest-of-liviali/pytest-132/test_save_calculator_values0/test_calc_values_export.csv'.
2024-10-25 22:37:49,729 - INFO - Welcome! You can start by entering data for 'class1' or 'class2' using the 'grades' command.
2024-10-25 22:37:49,731 - INFO - Calculator values saved to CSV at './data/grades_export.csv'.
2024-10-25 22:37:49,731 - INFO - Exiting REPL.
2024-10-25 22:37:49,736 - INFO - Environment variables loaded.
2024-10-25 22:37:49,744 - DEBUG - Logging configured. Level: DEBUG, File: ./app.log
2024-10-25 22:37:49,744 - INFO - Environment variables loaded.
2024-10-25 22:37:49,745 - INFO - All commands registered.
2024-10-25 22:37:49,745 - INFO - Grades saved to CSV at './data/grades_export.csv'.
2024-10-25 22:37:49,758 - INFO - Welcome! You can start by entering data for 'class1' or 'class2' using the 'grades' command.
2024-10-25 22:37:49,759 - INFO - Welcome! You can start by entering data for 'class1' or 'class2' using the 'grades' command.
2024-10-25 22:37:49,765 - INFO - The directory './data' was created.
2024-10-25 22:37:49,767 - INFO - Grades saved to CSV at './data/grades_export.csv'.
2024-10-25 22:37:49,770 - INFO - Grades saved to CSV at './data/grades_export.csv'.
2024-10-25 22:37:49,774 - INFO - Grades saved to CSV at './data/grades_export.csv'.
2024-10-25 22:37:49,774 - WARNING - No grades found to add to the calculator.
2024-10-25 22:37:49,775 - INFO - The directory './data' was created.
2024-10-25 22:37:49,776 - INFO - Grades saved to CSV at './data/grades_export.csv'.
2024-10-25 22:37:49,777 - INFO - Grades saved to CSV at './data/grades_export.csv'.
2024-10-25 22:38:11,695 - DEBUG - Logging configured. Level: DEBUG, File: ./app.log
2024-10-25 22:38:11,696 - INFO - Environment variables loaded.
2024-10-25 22:38:11,698 - INFO - All commands registered.
2024-10-25 22:38:11,698 - INFO - Application started. Type 'exit' to exit.
2024-10-25 22:38:31,886 - INFO - Calculator values saved to CSV at './data/grades_export.csv'.
2024-10-25 22:38:31,887 - INFO - Exiting REPL.
2024-10-25 22:40:25,361 - DEBUG - Logging configured. Level: DEBUG, File: ./app.log
2024-10-25 22:40:25,362 - INFO - Environment variables loaded.
2024-10-25 22:40:25,363 - INFO - All commands registered.
2024-10-25 22:40:25,363 - INFO - Application started. Type 'exit' to exit.
2024-10-25 22:44:01,772 - INFO - Grades saved to CSV at './data/grades_export.csv'.
2024-10-25 22:44:39,429 - INFO - Calculator values saved to CSV at './data/grades_export.csv'.
2024-10-25 22:44:39,429 - INFO - Exiting REPL.
2024-10-25 22:45:24,409 - DEBUG - Logging configured. Level: DEBUG, File: ./app.log
2024-10-25 22:45:24,410 - INFO - Environment variables loaded.
2024-10-25 22:45:24,411 - INFO - All commands registered.
2024-10-25 22:45:24,413 - INFO - Calculator values saved to CSV at './data/grades_export.csv'.
2024-10-25 22:45:24,413 - INFO - Exiting REPL.
2024-10-25 22:45:24,414 - INFO - Calculator value reset to 0.
2024-10-25 22:45:24,414 - INFO - Exiting REPL.
2024-10-25 22:45:24,473 - INFO - Calculator values saved to CSV at '/private/var/folders/p2/lcgk9hsj0830znmk7mjn_hvm0000gn/T/pytest-of-liviali/pytest-133/test_save_calculator_values0/test_calc_values_export.csv'.
2024-10-25 22:45:24,475 - INFO - Welcome! You can start by entering data for 'class1' or 'class2' using the 'grades' command.
2024-10-25 22:45:24,476 - INFO - Calculator values saved to CSV at './data/grades_export.csv'.
2024-10-25 22:45:24,476 - INFO - Exiting REPL.
2024-10-25 22:45:24,481 - INFO - Environment variables loaded.
2024-10-25 22:45:24,484 - DEBUG - Logging configured. Level: DEBUG, File: ./app.log
2024-10-25 22:45:24,484 - INFO - Environment variables loaded.
2024-10-25 22:45:24,484 - INFO - All commands registered.
2024-10-25 22:45:24,485 - INFO - Grades saved to CSV at './data/grades_export.csv'.
2024-10-25 22:45:24,491 - INFO - Welcome! You can start by entering data for 'class1' or 'class2' using the 'grades' command.
2024-10-25 22:45:24,492 - INFO - Welcome! You can start by entering data for 'class1' or 'class2' using the 'grades' command.
2024-10-25 22:45:24,496 - INFO - The directory './data' was created.
2024-10-25 22:45:24,497 - INFO - Grades saved to CSV at './data/grades_export.csv'.
2024-10-25 22:45:24,500 - INFO - Grades saved to CSV at './data/grades_export.csv'.
2024-10-25 22:45:24,502 - INFO - Grades saved to CSV at './data/grades_export.csv'.
2024-10-25 22:45:24,502 - WARNING - No grades found to add to the calculator.
2024-10-25 22:45:24,502 - INFO - The directory './data' was created.
2024-10-25 22:45:24,503 - INFO - Grades saved to CSV at './data/grades_export.csv'.
2024-10-25 22:45:24,504 - INFO - Grades saved to CSV at './data/grades_export.csv'.
2024-10-25 22:45:34,002 - DEBUG - Logging configured. Level: DEBUG, File: ./app.log
2024-10-25 22:45:34,002 - INFO - Environment variables loaded.
2024-10-25 22:45:34,003 - INFO - All commands registered.
2024-10-25 22:45:34,005 - INFO - Calculator values saved to CSV at './data/grades_export.csv'.
2024-10-25 22:45:34,006 - INFO - Exiting REPL.
2024-10-25 22:45:34,007 - INFO - Calculator value reset to 0.
2024-10-25 22:45:34,008 - INFO - Exiting REPL.
2024-10-25 22:45:34,070 - INFO - Calculator values saved to CSV at '/private/var/folders/p2/lcgk9hsj0830znmk7mjn_hvm0000gn/T/pytest-of-liviali/pytest-134/test_save_calculator_values0/test_calc_values_export.csv'.
2024-10-25 22:45:34,071 - INFO - Welcome! You can start by entering data for 'class1' or 'class2' using the 'grades' command.
2024-10-25 22:45:34,072 - INFO - Calculator values saved to CSV at './data/grades_export.csv'.
2024-10-25 22:45:34,072 - INFO - Exiting REPL.
2024-10-25 22:45:34,076 - INFO - Environment variables loaded.
2024-10-25 22:45:34,080 - DEBUG - Logging configured. Level: DEBUG, File: ./app.log
2024-10-25 22:45:34,081 - INFO - Environment variables loaded.
2024-10-25 22:45:34,081 - INFO - All commands registered.
2024-10-25 22:45:34,081 - INFO - Grades saved to CSV at './data/grades_export.csv'.
2024-10-25 22:45:34,090 - INFO - Welcome! You can start by entering data for 'class1' or 'class2' using the 'grades' command.
2024-10-25 22:45:34,090 - INFO - Welcome! You can start by entering data for 'class1' or 'class2' using the 'grades' command.
2024-10-25 22:45:34,093 - INFO - The directory './data' was created.
2024-10-25 22:45:34,094 - INFO - Grades saved to CSV at './data/grades_export.csv'.
2024-10-25 22:45:34,096 - INFO - Grades saved to CSV at './data/grades_export.csv'.
2024-10-25 22:45:34,099 - INFO - Grades saved to CSV at './data/grades_export.csv'.
2024-10-25 22:45:34,099 - WARNING - No grades found to add to the calculator.
2024-10-25 22:45:34,100 - INFO - The directory './data' was created.
2024-10-25 22:45:34,100 - INFO - Grades saved to CSV at './data/grades_export.csv'.
2024-10-25 22:45:34,102 - INFO - Grades saved to CSV at './data/grades_export.csv'.
2024-10-25 22:45:45,138 - DEBUG - Logging configured. Level: DEBUG, File: ./app.log
2024-10-25 22:45:45,139 - INFO - Environment variables loaded.
2024-10-25 22:45:45,141 - INFO - All commands registered.
2024-10-25 22:45:45,145 - INFO - Calculator values saved to CSV at './data/grades_export.csv'.
2024-10-25 22:45:45,145 - INFO - Exiting REPL.
2024-10-25 22:45:45,148 - INFO - Calculator value reset to 0.
2024-10-25 22:45:45,149 - INFO - Exiting REPL.
2024-10-25 22:45:45,221 - INFO - Calculator values saved to CSV at '/private/var/folders/p2/lcgk9hsj0830znmk7mjn_hvm0000gn/T/pytest-of-liviali/pytest-135/test_save_calculator_values0/test_calc_values_export.csv'.
2024-10-25 22:45:45,224 - INFO - Welcome! You can start by entering data for 'class1' or 'class2' using the 'grades' command.
2024-10-25 22:45:45,226 - INFO - Calculator values saved to CSV at './data/grades_export.csv'.
2024-10-25 22:45:45,226 - INFO - Exiting REPL.
2024-10-25 22:45:45,234 - INFO - Environment variables loaded.
2024-10-25 22:45:45,243 - DEBUG - Logging configured. Level: DEBUG, File: ./app.log
2024-10-25 22:45:45,243 - INFO - Environment variables loaded.
2024-10-25 22:45:45,244 - INFO - All commands registered.
2024-10-25 22:45:45,245 - INFO - Grades saved to CSV at './data/grades_export.csv'.
2024-10-25 22:45:45,261 - INFO - Welcome! You can start by entering data for 'class1' or 'class2' using the 'grades' command.
2024-10-25 22:45:45,262 - INFO - Welcome! You can start by entering data for 'class1' or 'class2' using the 'grades' command.
2024-10-25 22:45:45,271 - INFO - The directory './data' was created.
2024-10-25 22:45:45,272 - INFO - Grades saved to CSV at './data/grades_export.csv'.
2024-10-25 22:45:45,275 - INFO - Grades saved to CSV at './data/grades_export.csv'.
2024-10-25 22:45:45,279 - INFO - Grades saved to CSV at './data/grades_export.csv'.
2024-10-25 22:45:45,279 - WARNING - No grades found to add to the calculator.
2024-10-25 22:45:45,281 - INFO - The directory './data' was created.
2024-10-25 22:45:45,281 - INFO - Grades saved to CSV at './data/grades_export.csv'.
2024-10-25 22:45:45,283 - INFO - Grades saved to CSV at './data/grades_export.csv'.
2024-10-25 22:52:11,391 - DEBUG - Logging configured. Level: DEBUG, File: ./app.log
2024-10-25 22:52:11,392 - INFO - Environment variables loaded.
2024-10-25 22:52:11,394 - INFO - All commands registered.
2024-10-25 22:52:11,399 - INFO - Calculator values saved to CSV at './data/grades_export.csv'.
2024-10-25 22:52:11,400 - INFO - Exiting REPL.
2024-10-25 22:52:11,403 - INFO - Calculator value reset to 0.
2024-10-25 22:52:11,403 - INFO - Exiting REPL.
2024-10-25 22:52:11,480 - INFO - Calculator values saved to CSV at '/private/var/folders/p2/lcgk9hsj0830znmk7mjn_hvm0000gn/T/pytest-of-liviali/pytest-136/test_save_calculator_values0/test_calc_values_export.csv'.
2024-10-25 22:52:11,484 - INFO - Welcome! You can start by entering data for 'class1' or 'class2' using the 'grades' command.
2024-10-25 22:52:11,486 - INFO - Calculator values saved to CSV at './data/grades_export.csv'.
2024-10-25 22:52:11,486 - INFO - Exiting REPL.
2024-10-25 22:52:11,492 - INFO - Environment variables loaded.
2024-10-25 22:52:11,501 - DEBUG - Logging configured. Level: DEBUG, File: ./app.log
2024-10-25 22:52:11,501 - INFO - Environment variables loaded.
2024-10-25 22:52:11,502 - INFO - All commands registered.
2024-10-25 22:52:11,503 - INFO - Grades saved to CSV at './data/grades_export.csv'.
2024-10-25 22:52:11,505 - INFO - Calculator value reset to 0.
2024-10-25 22:52:11,505 - INFO - Calculator value reset to 0.
2024-10-25 22:52:11,505 - INFO - Calculator value reset to 0.
2024-10-25 22:52:11,510 - INFO - Welcome! You can start by entering data for 'class1' or 'class2' using the 'grades' command.
2024-10-25 22:52:11,511 - INFO - Welcome! You can start by entering data for 'class1' or 'class2' using the 'grades' command.
2024-10-25 22:52:11,520 - INFO - The directory './data' was created.
2024-10-25 22:52:11,521 - INFO - Grades saved to CSV at './data/grades_export.csv'.
2024-10-25 22:52:11,524 - INFO - Grades saved to CSV at './data/grades_export.csv'.
2024-10-25 22:52:11,527 - INFO - Grades saved to CSV at './data/grades_export.csv'.
2024-10-25 22:52:11,527 - WARNING - No grades found to add to the calculator.
2024-10-25 22:52:11,529 - INFO - The directory './data' was created.
2024-10-25 22:52:11,530 - INFO - Grades saved to CSV at './data/grades_export.csv'.
2024-10-25 22:52:11,534 - INFO - Grades saved to CSV at './data/grades_export.csv'.
2024-10-25 22:53:15,905 - DEBUG - Logging configured. Level: DEBUG, File: ./app.log
2024-10-25 22:53:15,906 - INFO - Environment variables loaded.
2024-10-25 22:53:15,909 - INFO - All commands registered.
2024-10-25 22:53:15,913 - INFO - Calculator values saved to CSV at './data/grades_export.csv'.
2024-10-25 22:53:15,914 - INFO - Exiting REPL.
2024-10-25 22:53:15,918 - INFO - Calculator value reset to 0.
2024-10-25 22:53:15,919 - INFO - Exiting REPL.
2024-10-25 22:53:16,002 - INFO - Calculator values saved to CSV at '/private/var/folders/p2/lcgk9hsj0830znmk7mjn_hvm0000gn/T/pytest-of-liviali/pytest-137/test_save_calculator_values0/test_calc_values_export.csv'.
2024-10-25 22:53:16,004 - INFO - Welcome! You can start by entering data for 'class1' or 'class2' using the 'grades' command.
2024-10-25 22:53:16,006 - INFO - Calculator values saved to CSV at './data/grades_export.csv'.
2024-10-25 22:53:16,006 - INFO - Exiting REPL.
2024-10-25 22:53:16,013 - INFO - Environment variables loaded.
2024-10-25 22:53:16,021 - DEBUG - Logging configured. Level: DEBUG, File: ./app.log
2024-10-25 22:53:16,021 - INFO - Environment variables loaded.
2024-10-25 22:53:16,022 - INFO - All commands registered.
2024-10-25 22:53:16,023 - INFO - Grades saved to CSV at './data/grades_export.csv'.
2024-10-25 22:53:16,025 - INFO - Calculator value reset to 0.
2024-10-25 22:53:16,025 - INFO - Calculator value reset to 0.
2024-10-25 22:53:16,025 - INFO - Calculator value reset to 0.
2024-10-25 22:53:16,031 - INFO - Welcome! You can start by entering data for 'class1' or 'class2' using the 'grades' command.
2024-10-25 22:53:16,033 - INFO - Welcome! You can start by entering data for 'class1' or 'class2' using the 'grades' command.
2024-10-25 22:53:16,040 - INFO - The directory './data' was created.
2024-10-25 22:53:16,041 - INFO - Grades saved to CSV at './data/grades_export.csv'.
2024-10-25 22:53:16,045 - INFO - Grades saved to CSV at './data/grades_export.csv'.
2024-10-25 22:53:16,049 - INFO - Grades saved to CSV at './data/grades_export.csv'.
2024-10-25 22:53:16,050 - WARNING - No grades found to add to the calculator.
2024-10-25 22:53:16,051 - INFO - The directory './data' was created.
2024-10-25 22:53:16,052 - INFO - Grades saved to CSV at './data/grades_export.csv'.
2024-10-25 22:53:16,054 - INFO - Grades saved to CSV at './data/grades_export.csv'.
2024-10-25 22:54:41,003 - DEBUG - Logging configured. Level: DEBUG, File: ./app.log
2024-10-25 22:54:41,004 - INFO - Environment variables loaded.
2024-10-25 22:54:41,007 - INFO - All commands registered.
2024-10-25 22:54:41,012 - INFO - Calculator values saved to CSV at './data/grades_export.csv'.
2024-10-25 22:54:41,013 - INFO - Exiting REPL.
2024-10-25 22:54:41,016 - INFO - Calculator value reset to 0.
2024-10-25 22:54:41,017 - INFO - Exiting REPL.
2024-10-25 22:54:41,095 - INFO - Calculator values saved to CSV at '/private/var/folders/p2/lcgk9hsj0830znmk7mjn_hvm0000gn/T/pytest-of-liviali/pytest-138/test_save_calculator_values0/test_calc_values_export.csv'.
2024-10-25 22:54:41,101 - INFO - Welcome! You can start by entering data for 'class1' or 'class2' using the 'grades' command.
2024-10-25 22:54:41,103 - INFO - Calculator values saved to CSV at './data/grades_export.csv'.
2024-10-25 22:54:41,103 - INFO - Exiting REPL.
2024-10-25 22:54:41,110 - INFO - Environment variables loaded.
2024-10-25 22:54:41,113 - DEBUG - Logging configured. Level: DEBUG, File: ./app.log
2024-10-25 22:54:41,113 - INFO - Environment variables loaded.
2024-10-25 22:54:41,114 - INFO - All commands registered.
2024-10-25 22:54:41,115 - INFO - Grades saved to CSV at './data/grades_export.csv'.
2024-10-25 22:54:41,118 - INFO - Calculator value reset to 0.
2024-10-25 22:54:41,118 - INFO - Calculator value reset to 0.
2024-10-25 22:54:41,118 - INFO - Calculator value reset to 0.
2024-10-25 22:54:41,124 - INFO - Welcome! You can start by entering data for 'class1' or 'class2' using the 'grades' command.
2024-10-25 22:54:41,125 - INFO - Welcome! You can start by entering data for 'class1' or 'class2' using the 'grades' command.
2024-10-25 22:54:41,135 - INFO - The directory './data' was created.
2024-10-25 22:54:41,137 - INFO - Grades saved to CSV at './data/grades_export.csv'.
2024-10-25 22:54:41,142 - INFO - Grades saved to CSV at './data/grades_export.csv'.
2024-10-25 22:54:41,145 - INFO - Grades saved to CSV at './data/grades_export.csv'.
2024-10-25 22:54:41,145 - WARNING - No grades found to add to the calculator.
2024-10-25 22:54:41,147 - INFO - The directory './data' was created.
2024-10-25 22:54:41,147 - INFO - Grades saved to CSV at './data/grades_export.csv'.
2024-10-25 22:54:41,151 - INFO - Grades saved to CSV at './data/grades_export.csv'.
